  Main.cpp
C:\Program Files (x86)\Microsoft DirectX SDK (June 2010)\Include\xnamath.h(2630,1): warning C4005: 'XMGLOBALCONST': macro redefinition
C:\Program Files (x86)\Windows Kits\10\Include\10.0.18362.0\um\DirectXMath.h(1883): message : see previous definition of 'XMGLOBALCONST'
C:\Program Files (x86)\Microsoft DirectX SDK (June 2010)\Include\xnamath.h(2662,52): warning C4838: conversion from 'unsigned int' to 'INT' requires a narrowing conversion
C:\Program Files (x86)\Microsoft DirectX SDK (June 2010)\Include\xnamath.h(2662,64): warning C4838: conversion from 'unsigned int' to 'INT' requires a narrowing conversion
C:\Program Files (x86)\Microsoft DirectX SDK (June 2010)\Include\xnamath.h(2662,76): warning C4838: conversion from 'unsigned int' to 'INT' requires a narrowing conversion
C:\Program Files (x86)\Microsoft DirectX SDK (June 2010)\Include\xnamath.h(2662,88): warning C4838: conversion from 'unsigned int' to 'INT' requires a narrowing conversion
C:\Program Files (x86)\Microsoft DirectX SDK (June 2010)\Include\xnamath.h(2663,52): warning C4838: conversion from 'unsigned int' to 'INT' requires a narrowing conversion
C:\Program Files (x86)\Microsoft DirectX SDK (June 2010)\Include\xnamath.h(2663,64): warning C4838: conversion from 'unsigned int' to 'INT' requires a narrowing conversion
C:\Program Files (x86)\Microsoft DirectX SDK (June 2010)\Include\xnamath.h(2663,76): warning C4838: conversion from 'unsigned int' to 'INT' requires a narrowing conversion
C:\Program Files (x86)\Microsoft DirectX SDK (June 2010)\Include\xnamath.h(2664,52): warning C4838: conversion from 'unsigned int' to 'INT' requires a narrowing conversion
C:\Program Files (x86)\Microsoft DirectX SDK (June 2010)\Include\xnamath.h(2664,64): warning C4838: conversion from 'unsigned int' to 'INT' requires a narrowing conversion
C:\Program Files (x86)\Microsoft DirectX SDK (June 2010)\Include\xnamath.h(2664,76): warning C4838: conversion from 'unsigned int' to 'INT' requires a narrowing conversion
C:\Program Files (x86)\Microsoft DirectX SDK (June 2010)\Include\xnamath.h(2665,52): warning C4838: conversion from 'unsigned int' to 'INT' requires a narrowing conversion
C:\Program Files (x86)\Microsoft DirectX SDK (June 2010)\Include\xnamath.h(2666,64): warning C4838: conversion from 'unsigned int' to 'INT' requires a narrowing conversion
C:\Program Files (x86)\Microsoft DirectX SDK (June 2010)\Include\xnamath.h(2667,76): warning C4838: conversion from 'unsigned int' to 'INT' requires a narrowing conversion
C:\Program Files (x86)\Microsoft DirectX SDK (June 2010)\Include\xnamath.h(2668,88): warning C4838: conversion from 'unsigned int' to 'INT' requires a narrowing conversion
C:\Program Files (x86)\Microsoft DirectX SDK (June 2010)\Include\xnamath.h(2689,46): warning C4838: conversion from 'unsigned int' to 'INT' requires a narrowing conversion
C:\Program Files (x86)\Microsoft DirectX SDK (June 2010)\Include\xnamath.h(2689,58): warning C4838: conversion from 'unsigned int' to 'INT' requires a narrowing conversion
C:\Program Files (x86)\Microsoft DirectX SDK (June 2010)\Include\xnamath.h(2689,70): warning C4838: conversion from 'unsigned int' to 'INT' requires a narrowing conversion
C:\Program Files (x86)\Microsoft DirectX SDK (June 2010)\Include\xnamath.h(2689,82): warning C4838: conversion from 'unsigned int' to 'INT' requires a narrowing conversion
C:\Program Files (x86)\Microsoft DirectX SDK (June 2010)\Include\xnamath.h(2690,88): warning C4838: conversion from 'unsigned int' to 'INT' requires a narrowing conversion
C:\Program Files (x86)\Microsoft DirectX SDK (June 2010)\Include\xnamath.h(2691,88): warning C4838: conversion from 'unsigned int' to 'INT' requires a narrowing conversion
C:\Program Files (x86)\Microsoft DirectX SDK (June 2010)\Include\xnamath.h(2694,88): warning C4838: conversion from 'unsigned int' to 'INT' requires a narrowing conversion
C:\Program Files (x86)\Microsoft DirectX SDK (June 2010)\Include\xnamath.h(2695,88): warning C4838: conversion from 'unsigned int' to 'INT' requires a narrowing conversion
C:\Program Files (x86)\Microsoft DirectX SDK (June 2010)\Include\xnamath.h(2698,64): warning C4838: conversion from 'unsigned int' to 'INT' requires a narrowing conversion
C:\Program Files (x86)\Microsoft DirectX SDK (June 2010)\Include\xnamath.h(2702,76): warning C4838: conversion from 'unsigned int' to 'INT' requires a narrowing conversion
C:\Program Files (x86)\Microsoft DirectX SDK (June 2010)\Include\xnamath.h(2702,88): warning C4838: conversion from 'unsigned int' to 'INT' requires a narrowing conversion
C:\Program Files (x86)\Microsoft DirectX SDK (June 2010)\Include\xnamath.h(2712,65): warning C4838: conversion from 'unsigned int' to 'INT' requires a narrowing conversion
C:\Program Files (x86)\Microsoft DirectX SDK (June 2010)\Include\xnamath.h(2712,91): warning C4838: conversion from 'unsigned int' to 'INT' requires a narrowing conversion
C:\Program Files (x86)\Microsoft DirectX SDK (June 2010)\Include\xnamath.h(2713,52): warning C4838: conversion from 'unsigned int' to 'INT' requires a narrowing conversion
C:\Program Files (x86)\Microsoft DirectX SDK (June 2010)\Include\xnamath.h(2713,78): warning C4838: conversion from 'unsigned int' to 'INT' requires a narrowing conversion
C:\Program Files (x86)\Microsoft DirectX SDK (June 2010)\Include\xnamath.h(2715,52): warning C4838: conversion from 'unsigned int' to 'INT' requires a narrowing conversion
C:\Program Files (x86)\Microsoft DirectX SDK (June 2010)\Include\xnamath.h(2716,52): warning C4838: conversion from 'unsigned int' to 'INT' requires a narrowing conversion
C:\Program Files (x86)\Microsoft DirectX SDK (June 2010)\Include\xnamath.h(2716,65): warning C4838: conversion from 'unsigned int' to 'INT' requires a narrowing conversion
C:\Program Files (x86)\Microsoft DirectX SDK (June 2010)\Include\xnamath.h(2717,52): warning C4838: conversion from 'unsigned int' to 'INT' requires a narrowing conversion
C:\Program Files (x86)\Microsoft DirectX SDK (June 2010)\Include\xnamath.h(2717,65): warning C4838: conversion from 'unsigned int' to 'INT' requires a narrowing conversion
C:\Program Files (x86)\Microsoft DirectX SDK (June 2010)\Include\xnamath.h(2717,78): warning C4838: conversion from 'unsigned int' to 'INT' requires a narrowing conversion
C:\Program Files (x86)\Microsoft DirectX SDK (June 2010)\Include\xnamath.h(2727,54): warning C4838: conversion from 'unsigned int' to 'INT' requires a narrowing conversion
C:\Program Files (x86)\Microsoft DirectX SDK (June 2010)\Include\xnamath.h(2728,56): warning C4838: conversion from 'unsigned int' to 'INT' requires a narrowing conversion
C:\Program Files (x86)\Microsoft DirectX SDK (June 2010)\Include\xnamath.h(2729,58): warning C4838: conversion from 'unsigned int' to 'INT' requires a narrowing conversion
C:\Program Files (x86)\Microsoft DirectX SDK (June 2010)\Include\xnamath.h(2730,54): warning C4838: conversion from 'unsigned int' to 'INT' requires a narrowing conversion
C:\Program Files (x86)\Microsoft DirectX SDK (June 2010)\Include\xnamath.h(2730,65): warning C4838: conversion from 'unsigned int' to 'INT' requires a narrowing conversion
C:\Program Files (x86)\Microsoft DirectX SDK (June 2010)\Include\xnamath.h(2731,56): warning C4838: conversion from 'unsigned int' to 'INT' requires a narrowing conversion
C:\Program Files (x86)\Microsoft DirectX SDK (June 2010)\Include\xnamath.h(2731,67): warning C4838: conversion from 'unsigned int' to 'INT' requires a narrowing conversion
C:\Program Files (x86)\Microsoft DirectX SDK (June 2010)\Include\xnamath.h(2732,54): warning C4838: conversion from 'unsigned int' to 'INT' requires a narrowing conversion
C:\Program Files (x86)\Microsoft DirectX SDK (June 2010)\Include\xnamath.h(2732,67): warning C4838: conversion from 'unsigned int' to 'INT' requires a narrowing conversion
C:\Program Files (x86)\Microsoft DirectX SDK (June 2010)\Include\xnamath.h(2742,60): warning C4838: conversion from 'unsigned int' to 'INT' requires a narrowing conversion
C:\Program Files (x86)\Microsoft DirectX SDK (June 2010)\Include\xnamath.h(2742,79): warning C4838: conversion from 'unsigned int' to 'INT' requires a narrowing conversion
C:\Program Files (x86)\Microsoft DirectX SDK (June 2010)\Include\xnamath.h(2743,70): warning C4838: conversion from 'unsigned int' to 'INT' requires a narrowing conversion
C:\Program Files (x86)\Microsoft DirectX SDK (June 2010)\Include\xnamath.h(2754,73): warning C4838: conversion from 'unsigned int' to 'INT' requires a narrowing conversion
C:\Program Files (x86)\Microsoft DirectX SDK (June 2010)\Include\xnamathconvert.inl(2254,71): warning C4838: conversion from 'unsigned int' to 'INT' requires a narrowing conversion
C:\Program Files (x86)\Microsoft DirectX SDK (June 2010)\Include\xnamathconvert.inl(4523,69): warning C4838: conversion from 'unsigned int' to 'INT' requires a narrowing conversion
C:\Program Files (x86)\Microsoft DirectX SDK (June 2010)\Include\xnamathconvert.inl(4577,68): warning C4838: conversion from 'unsigned int' to 'INT' requires a narrowing conversion
C:\Program Files (x86)\Microsoft DirectX SDK (June 2010)\Include\xnamathconvert.inl(4639,65): warning C4838: conversion from 'unsigned int' to 'INT' requires a narrowing conversion
C:\Program Files (x86)\Microsoft DirectX SDK (June 2010)\Include\xnamathconvert.inl(4707,64): warning C4838: conversion from 'unsigned int' to 'INT' requires a narrowing conversion
C:\Program Files (x86)\Microsoft DirectX SDK (June 2010)\Include\xnamathconvert.inl(4770,64): warning C4838: conversion from 'unsigned int' to 'INT' requires a narrowing conversion
C:\Program Files (x86)\Microsoft DirectX SDK (June 2010)\Include\xnamathconvert.inl(4832,63): warning C4838: conversion from 'unsigned int' to 'INT' requires a narrowing conversion
C:\Program Files (x86)\Microsoft DirectX SDK (June 2010)\Include\xnamathmisc.inl(518,43): warning C4838: conversion from 'unsigned int' to 'INT' requires a narrowing conversion
C:\Program Files (x86)\Microsoft DirectX SDK (June 2010)\Include\xnamathmisc.inl(519,40): warning C4838: conversion from 'unsigned int' to 'INT' requires a narrowing conversion
C:\Program Files (x86)\Microsoft DirectX SDK (June 2010)\Include\xnamathmisc.inl(519,51): warning C4838: conversion from 'unsigned int' to 'INT' requires a narrowing conversion
D:\GIT\Engine_Dity\optada_Engine_Dity\Code\Render\ResourceManager\OBJ_Loader.h(949,18): warning C4244: 'initializing': conversion from 'double' to 'float', possible loss of data
  C:\Program Files (x86)\Windows Kits\10\Include\10.0.18362.0\um\dinput.h: DIRECTINPUT_VERSION undefined. Defaulting to version 0x0800
D:\GIT\Engine_Dity\optada_Engine_Dity\Code\Game_Level.h(16,48): warning C4305: 'argument': truncation from 'double' to 'r32'
D:\GIT\Engine_Dity\optada_Engine_Dity\Code\Game_Level.h(90,80): warning C4244: 'argument': conversion from 'int' to 'float', possible loss of data
D:\GIT\Engine_Dity\optada_Engine_Dity\Code\Game_Level.h(90,59): warning C4244: 'argument': conversion from 'int' to 'float', possible loss of data
D:\GIT\Engine_Dity\optada_Engine_Dity\Code\Game_Level.h(175,1): warning C4244: '+=': conversion from 'double' to 'float', possible loss of data
D:\GIT\Engine_Dity\optada_Engine_Dity\Code\OPTada_Instance.h(168,1): warning C4267: '=': conversion from 'size_t' to 'int', possible loss of data
D:\GIT\Engine_Dity\optada_Engine_Dity\Code\OPTada_Instance.h(171,36): warning C4838: conversion from 'OPTadaE_PixelShaderList_ForResourceManager' to 'short' requires a narrowing conversion
D:\GIT\Engine_Dity\optada_Engine_Dity\Code\OPTada_Instance.h(171,49): warning C4838: conversion from 'OPTadaE_VertexShaderList_ForResourceManager' to 'short' requires a narrowing conversion
D:\GIT\Engine_Dity\optada_Engine_Dity\Code\OPTada_Instance.h(171,62): warning C4838: conversion from 'OPTadaE_MeshList_ForResourceManager' to 'short' requires a narrowing conversion
D:\GIT\Engine_Dity\optada_Engine_Dity\Code\OPTada_Instance.h(197,1): warning C4267: 'initializing': conversion from 'size_t' to 'int', possible loss of data
D:\GIT\Engine_Dity\optada_Engine_Dity\Code\OPTada_Instance.h(259,1): warning C4267: 'initializing': conversion from 'size_t' to 'int', possible loss of data
D:\GIT\Engine_Dity\optada_Engine_Dity\Code\OPTada_Instance.h(273,1): warning C4267: 'initializing': conversion from 'size_t' to 'int', possible loss of data
D:\GIT\Engine_Dity\optada_Engine_Dity\Code\OPTada_Instance.h(302,1): warning C4267: 'initializing': conversion from 'size_t' to 'int', possible loss of data
D:\GIT\Engine_Dity\optada_Engine_Dity\Code\Main.cpp(159,38): warning C4244: 'return': conversion from 'WPARAM' to 'int', possible loss of data
soloud.lib(soloud.obj) : error LNK2001: unresolved external symbol "unsigned int __cdecl SoLoud::sdl1_init(class SoLoud::Soloud *,unsigned int,unsigned int,unsigned int,unsigned int)" (?sdl1_init@SoLoud@@YAIPEAVSoloud@1@IIII@Z)
soloud.lib(soloud.obj) : error LNK2001: unresolved external symbol "unsigned int __cdecl SoLoud::sdl2_init(class SoLoud::Soloud *,unsigned int,unsigned int,unsigned int,unsigned int)" (?sdl2_init@SoLoud@@YAIPEAVSoloud@1@IIII@Z)
soloud.lib(soloud.obj) : error LNK2001: unresolved external symbol "unsigned int __cdecl SoLoud::sdl1static_init(class SoLoud::Soloud *,unsigned int,unsigned int,unsigned int,unsigned int)" (?sdl1static_init@SoLoud@@YAIPEAVSoloud@1@IIII@Z)
soloud.lib(soloud.obj) : error LNK2001: unresolved external symbol "unsigned int __cdecl SoLoud::sdl2static_init(class SoLoud::Soloud *,unsigned int,unsigned int,unsigned int,unsigned int)" (?sdl2static_init@SoLoud@@YAIPEAVSoloud@1@IIII@Z)
soloud.lib(soloud.obj) : error LNK2001: unresolved external symbol "unsigned int __cdecl SoLoud::openal_init(class SoLoud::Soloud *,unsigned int,unsigned int,unsigned int,unsigned int)" (?openal_init@SoLoud@@YAIPEAVSoloud@1@IIII@Z)
soloud.lib(soloud.obj) : error LNK2001: unresolved external symbol "unsigned int __cdecl SoLoud::coreaudio_init(class SoLoud::Soloud *,unsigned int,unsigned int,unsigned int,unsigned int)" (?coreaudio_init@SoLoud@@YAIPEAVSoloud@1@IIII@Z)
soloud.lib(soloud.obj) : error LNK2001: unresolved external symbol "unsigned int __cdecl SoLoud::opensles_init(class SoLoud::Soloud *,unsigned int,unsigned int,unsigned int,unsigned int)" (?opensles_init@SoLoud@@YAIPEAVSoloud@1@IIII@Z)
soloud.lib(soloud.obj) : error LNK2001: unresolved external symbol "unsigned int __cdecl SoLoud::portaudio_init(class SoLoud::Soloud *,unsigned int,unsigned int,unsigned int,unsigned int)" (?portaudio_init@SoLoud@@YAIPEAVSoloud@1@IIII@Z)
soloud.lib(soloud.obj) : error LNK2001: unresolved external symbol "unsigned int __cdecl SoLoud::winmm_init(class SoLoud::Soloud *,unsigned int,unsigned int,unsigned int,unsigned int)" (?winmm_init@SoLoud@@YAIPEAVSoloud@1@IIII@Z)
soloud.lib(soloud.obj) : error LNK2001: unresolved external symbol "unsigned int __cdecl SoLoud::xaudio2_init(class SoLoud::Soloud *,unsigned int,unsigned int,unsigned int,unsigned int)" (?xaudio2_init@SoLoud@@YAIPEAVSoloud@1@IIII@Z)
soloud.lib(soloud.obj) : error LNK2001: unresolved external symbol "unsigned int __cdecl SoLoud::wasapi_init(class SoLoud::Soloud *,unsigned int,unsigned int,unsigned int,unsigned int)" (?wasapi_init@SoLoud@@YAIPEAVSoloud@1@IIII@Z)
soloud.lib(soloud.obj) : error LNK2001: unresolved external symbol "unsigned int __cdecl SoLoud::oss_init(class SoLoud::Soloud *,unsigned int,unsigned int,unsigned int,unsigned int)" (?oss_init@SoLoud@@YAIPEAVSoloud@1@IIII@Z)
soloud.lib(soloud.obj) : error LNK2001: unresolved external symbol "unsigned int __cdecl SoLoud::vita_homebrew_init(class SoLoud::Soloud *,unsigned int,unsigned int,unsigned int,unsigned int)" (?vita_homebrew_init@SoLoud@@YAIPEAVSoloud@1@IIII@Z)
soloud.lib(soloud.obj) : error LNK2001: unresolved external symbol "unsigned int __cdecl SoLoud::alsa_init(class SoLoud::Soloud *,unsigned int,unsigned int,unsigned int,unsigned int)" (?alsa_init@SoLoud@@YAIPEAVSoloud@1@IIII@Z)
soloud.lib(soloud.obj) : error LNK2001: unresolved external symbol "unsigned int __cdecl SoLoud::jack_init(class SoLoud::Soloud *,unsigned int,unsigned int,unsigned int,unsigned int)" (?jack_init@SoLoud@@YAIPEAVSoloud@1@IIII@Z)
soloud.lib(soloud.obj) : error LNK2001: unresolved external symbol "unsigned int __cdecl SoLoud::miniaudio_init(class SoLoud::Soloud *,unsigned int,unsigned int,unsigned int,unsigned int)" (?miniaudio_init@SoLoud@@YAIPEAVSoloud@1@IIII@Z)
soloud.lib(soloud.obj) : error LNK2001: unresolved external symbol "unsigned int __cdecl SoLoud::nosound_init(class SoLoud::Soloud *,unsigned int,unsigned int,unsigned int,unsigned int)" (?nosound_init@SoLoud@@YAIPEAVSoloud@1@IIII@Z)
soloud.lib(soloud.obj) : error LNK2001: unresolved external symbol "unsigned int __cdecl SoLoud::null_init(class SoLoud::Soloud *,unsigned int,unsigned int,unsigned int,unsigned int)" (?null_init@SoLoud@@YAIPEAVSoloud@1@IIII@Z)
D:\GIT\Engine_Dity\optada_Engine_Dity\x64\Release\optada_Engine_Dity.exe : fatal error LNK1120: 18 unresolved externals
