d:\git\engine_dity\optada_engine_dity\x64\release\vc142.pdb
d:\git\engine_dity\optada_engine_dity\x64\release\optada_window.obj
d:\git\engine_dity\optada_engine_dity\x64\release\wictextureloader11.obj
d:\git\engine_dity\optada_engine_dity\x64\release\optadac_resourcemanager.obj
d:\git\engine_dity\optada_engine_dity\x64\release\optadac_simplememorybuffer.obj
d:\git\engine_dity\optada_engine_dity\x64\release\optadac_multithreadedsimplememorybuffer.obj
d:\git\engine_dity\optada_engine_dity\x64\release\optadac_memorycells_staticcyclicbuffer.obj
d:\git\engine_dity\optada_engine_dity\x64\release\optada_memorymanager.obj
d:\git\engine_dity\optada_engine_dity\x64\release\optada_render.obj
d:\git\engine_dity\optada_engine_dity\x64\release\main.obj
d:\git\engine_dity\optada_engine_dity\x64\release\optada_input.obj
d:\git\engine_dity\optada_engine_dity\inc\ps_material_default.h
d:\git\engine_dity\optada_engine_dity\x64\release\ps_color.cso
d:\git\engine_dity\optada_engine_dity\x64\release\ps_colorwithlight.cso
d:\git\engine_dity\optada_engine_dity\inc\vertexshader.h
d:\git\engine_dity\optada_engine_dity\x64\release\vs_color.cso
d:\git\engine_dity\optada_engine_dity\x64\release\vs_colorwithlight.cso
d:\git\engine_dity\optada_engine_dity\x64\release\optada_engine_dity.exe
d:\git\engine_dity\optada_engine_dity\x64\release\optada_engine_dity.pdb
d:\git\engine_dity\optada_engine_dity\x64\release\optada_engine_dity.ipdb
d:\git\engine_dity\optada_engine_dity\x64\release\optada_engine_dity.iobj
d:\git\engine_dity\optada_engine_dity\x64\release\optada_e.88ed9959.tlog\cl.command.1.tlog
d:\git\engine_dity\optada_engine_dity\x64\release\optada_e.88ed9959.tlog\cl.read.1.tlog
d:\git\engine_dity\optada_engine_dity\x64\release\optada_e.88ed9959.tlog\cl.write.1.tlog
d:\git\engine_dity\optada_engine_dity\x64\release\optada_e.88ed9959.tlog\fxc.command.1.tlog
d:\git\engine_dity\optada_engine_dity\x64\release\optada_e.88ed9959.tlog\fxc.read.1.tlog
d:\git\engine_dity\optada_engine_dity\x64\release\optada_e.88ed9959.tlog\fxc.write.1.tlog
d:\git\engine_dity\optada_engine_dity\x64\release\optada_e.88ed9959.tlog\link.command.1.tlog
d:\git\engine_dity\optada_engine_dity\x64\release\optada_e.88ed9959.tlog\link.read.1.tlog
d:\git\engine_dity\optada_engine_dity\x64\release\optada_e.88ed9959.tlog\link.write.1.tlog
d:\git\engine_dity\optada_engine_dity\x64\release\optada_e.88ed9959.tlog\optada_engine_dity.write.1u.tlog
