d:\git\engine_dity\optada_engine_dity\x64\debug\vc142.pdb
d:\git\engine_dity\optada_engine_dity\x64\debug\vc142.idb
d:\git\engine_dity\optada_engine_dity\x64\debug\optada_window.obj
d:\git\engine_dity\optada_engine_dity\x64\debug\wictextureloader11.obj
d:\git\engine_dity\optada_engine_dity\x64\debug\optadac_resourcemanager.obj
d:\git\engine_dity\optada_engine_dity\x64\debug\optadac_simplememorybuffer.obj
d:\git\engine_dity\optada_engine_dity\x64\debug\optadac_multithreadedsimplememorybuffer.obj
d:\git\engine_dity\optada_engine_dity\x64\debug\optadac_memorycells_staticcyclicbuffer.obj
d:\git\engine_dity\optada_engine_dity\x64\debug\optada_memorymanager.obj
d:\git\engine_dity\optada_engine_dity\x64\debug\optada_render.obj
d:\git\engine_dity\optada_engine_dity\x64\debug\main.obj
d:\git\engine_dity\optada_engine_dity\x64\debug\optada_input.obj
d:\git\engine_dity\optada_engine_dity\x64\debug\dr_impl.obj
d:\git\engine_dity\optada_engine_dity\x64\debug\ted.obj
d:\git\engine_dity\optada_engine_dity\x64\debug\sid.obj
d:\git\engine_dity\optada_engine_dity\x64\debug\tts.obj
d:\git\engine_dity\optada_engine_dity\x64\debug\resonator.obj
d:\git\engine_dity\optada_engine_dity\x64\debug\klatt.obj
d:\git\engine_dity\optada_engine_dity\x64\debug\darray.obj
d:\git\engine_dity\optada_engine_dity\x64\debug\soloud_fft_lut.obj
d:\git\engine_dity\optada_engine_dity\x64\debug\tedsound.obj
d:\git\engine_dity\optada_engine_dity\x64\debug\cpu.obj
d:\git\engine_dity\optada_engine_dity\x64\debug\soloud_thread.obj
d:\git\engine_dity\optada_engine_dity\x64\debug\soloud_queue.obj
d:\git\engine_dity\optada_engine_dity\x64\debug\soloud_misc.obj
d:\git\engine_dity\optada_engine_dity\x64\debug\soloud_filter.obj
d:\git\engine_dity\optada_engine_dity\x64\debug\soloud_file.obj
d:\git\engine_dity\optada_engine_dity\x64\debug\soloud_fft.obj
d:\git\engine_dity\optada_engine_dity\x64\debug\soloud_fader.obj
d:\git\engine_dity\optada_engine_dity\x64\debug\soloud_core_voicegroup.obj
d:\git\engine_dity\optada_engine_dity\x64\debug\soloud_core_setters.obj
d:\git\engine_dity\optada_engine_dity\x64\debug\soloud_core_getters.obj
d:\git\engine_dity\optada_engine_dity\x64\debug\soloud_core_filterops.obj
d:\git\engine_dity\optada_engine_dity\x64\debug\soloud_core_faderops.obj
d:\git\engine_dity\optada_engine_dity\x64\debug\soloud_core_basicops.obj
d:\git\engine_dity\optada_engine_dity\x64\debug\soloud_core_3d.obj
d:\git\engine_dity\optada_engine_dity\x64\debug\soloud_bus.obj
d:\git\engine_dity\optada_engine_dity\x64\debug\soloud_audiosource.obj
d:\git\engine_dity\optada_engine_dity\x64\debug\soloud_core_voiceops.obj
d:\git\engine_dity\optada_engine_dity\x64\debug\soloud.obj
d:\git\engine_dity\optada_engine_dity\x64\debug\soloud_xaudio2.obj
d:\git\engine_dity\optada_engine_dity\x64\debug\soloud_winmm.obj
d:\git\engine_dity\optada_engine_dity\x64\debug\soloud_wasapi.obj
d:\git\engine_dity\optada_engine_dity\x64\debug\soloud_sdl_static.obj
d:\git\engine_dity\optada_engine_dity\x64\debug\soloud_sdl2_static.obj
d:\git\engine_dity\optada_engine_dity\x64\debug\soloud_sdl2.obj
d:\git\engine_dity\optada_engine_dity\x64\debug\soloud_sdl1.obj
d:\git\engine_dity\optada_engine_dity\x64\debug\soloud_portaudio.obj
d:\git\engine_dity\optada_engine_dity\x64\debug\soloud_oss.obj
d:\git\engine_dity\optada_engine_dity\x64\debug\soloud_opensles.obj
d:\git\engine_dity\optada_engine_dity\x64\debug\soloud_openal.obj
d:\git\engine_dity\optada_engine_dity\x64\debug\soloud_null.obj
d:\git\engine_dity\optada_engine_dity\x64\debug\soloud_nosound.obj
d:\git\engine_dity\optada_engine_dity\x64\debug\soloud_miniaudio.obj
d:\git\engine_dity\optada_engine_dity\x64\debug\soloud_jack.obj
d:\git\engine_dity\optada_engine_dity\x64\debug\soloud_coreaudio.obj
d:\git\engine_dity\optada_engine_dity\x64\debug\soloud_alsa.obj
d:\git\engine_dity\optada_engine_dity\x64\debug\soloud_sdl2_dll.obj
d:\git\engine_dity\optada_engine_dity\x64\debug\soloud_sdl1_dll.obj
d:\git\engine_dity\optada_engine_dity\x64\debug\soloud_portaudio_dll.obj
d:\git\engine_dity\optada_engine_dity\x64\debug\soloud_openal_dll.obj
d:\git\engine_dity\optada_engine_dity\x64\debug\soloud_wavstream.obj
d:\git\engine_dity\optada_engine_dity\x64\debug\soloud_wav.obj
d:\git\engine_dity\optada_engine_dity\x64\debug\stb_vorbis.obj
d:\git\engine_dity\optada_engine_dity\inc\ps_material_default.h
d:\git\engine_dity\optada_engine_dity\x64\debug\ps_color.cso
d:\git\engine_dity\optada_engine_dity\x64\debug\ps_shadow.cso
d:\git\engine_dity\optada_engine_dity\inc\vertexshader.h
d:\git\engine_dity\optada_engine_dity\x64\debug\vs_color.cso
d:\git\engine_dity\optada_engine_dity\x64\debug\vs_shadow.cso
d:\git\engine_dity\optada_engine_dity\x64\debug\optada_engine_dity.exe
d:\git\engine_dity\optada_engine_dity\x64\debug\optada_engine_dity.ilk
d:\git\engine_dity\optada_engine_dity\x64\debug\optada_engine_dity.pdb
d:\git\engine_dity\optada_engine_dity\x64\debug\optada_e.88ed9959.tlog\cl.command.1.tlog
d:\git\engine_dity\optada_engine_dity\x64\debug\optada_e.88ed9959.tlog\cl.read.1.tlog
d:\git\engine_dity\optada_engine_dity\x64\debug\optada_e.88ed9959.tlog\cl.write.1.tlog
d:\git\engine_dity\optada_engine_dity\x64\debug\optada_e.88ed9959.tlog\fxc.command.1.tlog
d:\git\engine_dity\optada_engine_dity\x64\debug\optada_e.88ed9959.tlog\fxc.read.1.tlog
d:\git\engine_dity\optada_engine_dity\x64\debug\optada_e.88ed9959.tlog\fxc.write.1.tlog
d:\git\engine_dity\optada_engine_dity\x64\debug\optada_e.88ed9959.tlog\link.command.1.tlog
d:\git\engine_dity\optada_engine_dity\x64\debug\optada_e.88ed9959.tlog\link.read.1.tlog
d:\git\engine_dity\optada_engine_dity\x64\debug\optada_e.88ed9959.tlog\link.write.1.tlog
